<?xml version="1.0" encoding="UTF-8"?>
<!-- Generated by org.testng.reporters.JUnitReportReporter -->
<testsuite hostname="DESKTOP-CFHOJMH" failures="0" tests="1" name="com.training.regression.tests.LoginDBTest" time="0.000" errors="0" timestamp="2019-11-26T23:50:09 EST" skipped="1">
  <testcase classname="com.training.regression.tests.LoginDBTest" name="loginDBTest" time="0.000">
    <skipped/>
  </testcase> <!-- loginDBTest -->
</testsuite> <!-- com.training.regression.tests.LoginDBTest -->
