<?xml version="1.0" encoding="UTF-8"?>
<!-- Generated by org.testng.reporters.JUnitReportReporter -->
<testsuite hostname="DESKTOP-CFHOJMH" failures="0" tests="1" name="com.training.sanity.tests.ELTC_014" time="37.678" errors="0" timestamp="2019-12-02T15:24:16 EST" skipped="0">
  <testcase classname="com.training.sanity.tests.ELTC_014" name="validcoursesubscription" time="37.678"/>
</testsuite> <!-- com.training.sanity.tests.ELTC_014 -->
