<?xml version="1.0" encoding="UTF-8"?>
<!-- Generated by org.testng.reporters.JUnitReportReporter -->
<testsuite hostname="DESKTOP-CFHOJMH" failures="0" tests="1" name="com.training.sanity.tests.ELTC_013" time="33.905" errors="0" timestamp="2019-12-02T14:26:23 EST" skipped="0">
  <testcase classname="com.training.sanity.tests.ELTC_013" name="validLoginTest" time="33.905"/>
</testsuite> <!-- com.training.sanity.tests.ELTC_013 -->
