<?xml version="1.0" encoding="UTF-8"?>
<!-- Generated by org.testng.reporters.JUnitReportReporter -->
<testsuite hostname="DESKTOP-CFHOJMH" failures="0" tests="1" name="com.training.sanity.tests.ELTC_031" time="56.757" errors="0" timestamp="2019-12-05T12:39:09 EST" skipped="0">
  <testcase classname="com.training.sanity.tests.ELTC_031" name="validcoursesubscription" time="56.757"/>
</testsuite> <!-- com.training.sanity.tests.ELTC_031 -->
