<?xml version="1.0" encoding="UTF-8"?>
<!-- Generated by org.testng.reporters.JUnitReportReporter -->
<testsuite hostname="DESKTOP-CFHOJMH" failures="0" tests="1" name="com.training.sanity.tests.ELTC_015" time="18.946" errors="0" timestamp="2019-12-02T19:05:40 EST" skipped="0">
  <testcase classname="com.training.sanity.tests.ELTC_015" name="validcoursesubscription" time="18.946"/>
</testsuite> <!-- com.training.sanity.tests.ELTC_015 -->
