<?xml version="1.0" encoding="UTF-8"?>
<!-- Generated by org.testng.reporters.JUnitReportReporter -->
<testsuite hostname="DESKTOP-CFHOJMH" failures="0" tests="1" name="com.training.sanity.tests.LoginTests" time="28.542" errors="0" timestamp="2019-11-27T00:43:38 EST" skipped="0">
  <testcase classname="com.training.sanity.tests.LoginTests" name="validLoginTest" time="28.542"/>
</testsuite> <!-- com.training.sanity.tests.LoginTests -->
